INFO:root:Ran with filters: {'private_room': True, 'private_bath': None, 'max_price': 1000, 'min_price': 500, 'has_image': True}
INFO:root:Ran with filters: {'private_room': True, 'private_bath': None, 'max_price': 1000, 'min_price': 500, 'has_image': True}
ERROR:python-craiglist:'focus_dist' is not a valid site
INFO:root:Ran with filters: {'private_room': True, 'private_bath': None, 'max_price': 1000, 'min_price': 500, 'has_image': True}
ERROR:python-craiglist:'focus_dist' is not a valid site
INFO:root:Ran with filters: {'private_room': True, 'private_bath': None, 'max_price': 1000, 'min_price': 500, 'has_image': True} at 2019-08-24 17:02
ERROR:python-craiglist:'focus_dist' is not a valid site
INFO:root:Ran with filters: {'private_room': True, 'private_bath': None, 'max_price': 1000, 'min_price': 500, 'has_image': True} at 2019-08-24 17:04
ERROR:python-craiglist:'focus_dist' is not a valid site
INFO:root:Ran with filters: {'private_room': True, 'private_bath': None, 'max_price': 1000, 'min_price': 500, 'has_image': True} at 2019-08-24 17:05
INFO:root:Ran with filters: {'private_room': True, 'private_bath': None, 'max_price': 1000, 'min_price': 500, 'has_image': True} at 2019-08-24 17:06
ERROR:python-craiglist:'focus_dist' is not a valid site
INFO:root:Ran with filters: {'private_room': True, 'private_bath': None, 'max_price': 1000, 'min_price': 500, 'has_image': True} at 2019-08-24 17:07
ERROR:python-craiglist:'focus_dist' is not a valid site
INFO:root:Ran with filters: {'private_room': True, 'private_bath': None, 'max_price': 1000, 'min_price': 500, 'has_image': True} at 2019-08-24 17:09
ERROR:python-craiglist:'focus_dist' is not a valid site
INFO:root:Ran with filters: {'private_room': True, 'private_bath': None, 'max_price': 1000, 'min_price': 500, 'has_image': True} at 2019-08-24 17:11
ERROR:python-craiglist:'focus_dist' is not a valid site
INFO:root:Ran with filters: {'private_room': True, 'private_bath': None, 'max_price': 1000, 'min_price': 500, 'has_image': True} at 2019-08-24 17:12
ERROR:python-craiglist:'focus_dist' is not a valid site
INFO:root:Ran with filters: {'private_room': True, 'private_bath': None, 'max_price': 1000, 'min_price': 500, 'has_image': True} at 2019-08-24 17:20
ERROR:python-craiglist:'focus_dist' is not a valid site
INFO:root:Ran with filters: {'private_room': True, 'private_bath': None, 'max_price': 1000, 'min_price': 500, 'has_image': True} at 2019-08-24 17:21
ERROR:python-craiglist:'focus_dist' is not a valid site
INFO:root:Ran with filters: {'private_room': True, 'private_bath': None, 'max_price': 1000, 'min_price': 500, 'has_image': True} at 2019-08-24 17:22
ERROR:python-craiglist:'focus_dist' is not a valid site
INFO:root:Ran with filters: {'private_room': True, 'private_bath': None, 'max_price': 1000, 'min_price': 500, 'has_image': True} at 2019-08-24 17:23
ERROR:python-craiglist:'focus_dist' is not a valid site
INFO:root:Ran with filters: {'private_room': True, 'private_bath': None, 'max_price': 1000, 'min_price': 500, 'has_image': True} at 2019-08-24
ERROR:python-craiglist:'focus_dist' is not a valid site
INFO:root:Ran with filters: {'private_room': True, 'private_bath': None, 'max_price': 1000, 'min_price': 500, 'has_image': True} at 2019-08-24 17:34
ERROR:python-craiglist:'focus_dist' is not a valid site
INFO:root:Ran with filters: {'private_room': True, 'private_bath': None, 'max_price': 1200, 'min_price': 500, 'has_image': True} at 2019-08-24 17:34
ERROR:python-craiglist:'focus_dist' is not a valid site
INFO:root:Ran with filters: {'private_room': True, 'private_bath': None, 'max_price': None, 'min_price': None, 'has_image': True} at 2019-08-24 17:35
ERROR:python-craiglist:'focus_dist' is not a valid site
INFO:root:Ran with filters: {'private_room': True, 'private_bath': None, 'max_price': None, 'min_price': None, 'has_image': True} at 2019-08-24 17:41
ERROR:python-craiglist:'focus_dist' is not a valid site
INFO:root:Ran with filters: {'private_room': True, 'private_bath': None, 'max_price': None, 'min_price': None, 'has_image': True} at 2019-08-24 17:42
ERROR:python-craiglist:'focus_dist' is not a valid site
INFO:root:Ran with filters: {'private_room': True, 'private_bath': None, 'max_price': None, 'min_price': None, 'has_image': True} at 2019-08-24 17:43
ERROR:python-craiglist:'focus_dist' is not a valid site
INFO:root:Ran with filters: {'private_room': True, 'private_bath': None, 'max_price': None, 'min_price': None, 'has_image': True} at 2019-08-24 17:46
INFO:root:Ran with filters: {'private_room': True, 'private_bath': None, 'max_price': None, 'min_price': None, 'has_image': True} at 2019-08-24 17:47
ERROR:python-craiglist:'focus_dist' is not a valid site
INFO:root:Ran with filters: {'private_room': True, 'private_bath': None, 'max_price': None, 'min_price': None, 'has_image': True} at 2019-08-24 17:50
ERROR:python-craiglist:'focus_dist' is not a valid site
INFO:root:Ran with filters: {'private_room': True, 'private_bath': None, 'max_price': None, 'min_price': None, 'has_image': True} at 2019-08-24 17:52
ERROR:python-craiglist:'focus_dist' is not a valid site
INFO:root:Ran with filters: {'private_room': True, 'private_bath': None, 'max_price': None, 'min_price': None, 'has_image': True} at 2019-08-24 17:56
ERROR:python-craiglist:'focus_dist' is not a valid site
INFO:root:Ran with filters: {'private_room': True, 'private_bath': None, 'cats_ok': None, 'dogs_ok': None, 'min_price': None, 'max_price': None, 'min_ft2': None, 'max_ft2': None, 'min_bedrooms': None, 'max_bedrooms': None, 'min_bathrooms': None, 'max_bathrooms': None, 'no_smoking': None, 'is_furnished': None, 'wheelchair_access': None, 'has_image': True} at 2019-08-25 09:25
INFO:root:Ran with filters: {'private_room': True, 'private_bath': None, 'cats_ok': None, 'dogs_ok': None, 'min_price': None, 'max_price': None, 'min_ft2': None, 'max_ft2': None, 'min_bedrooms': None, 'max_bedrooms': None, 'min_bathrooms': None, 'max_bathrooms': None, 'no_smoking': None, 'is_furnished': None, 'wheelchair_access': None, 'has_image': True} at 2019-08-25 09:28
WARNING:python-craiglist:'wheelchair_access' is not a valid filter
INFO:root:Ran with filters: {'private_room': True, 'private_bath': None, 'cats_ok': None, 'dogs_ok': None, 'min_price': None, 'max_price': None, 'min_ft2': None, 'max_ft2': None, 'min_bedrooms': None, 'max_bedrooms': None, 'min_bathrooms': None, 'max_bathrooms': None, 'no_smoking': None, 'is_furnished': None, 'wheelchair_acccess': None, 'has_image': True} at 2019-08-25 09:28
INFO:root:Ran with filters: {'private_room': True, 'private_bath': None, 'cats_ok': None, 'dogs_ok': None, 'min_price': None, 'max_price': None, 'min_ft2': None, 'max_ft2': None, 'min_bedrooms': None, 'max_bedrooms': None, 'min_bathrooms': None, 'max_bathrooms': None, 'no_smoking': None, 'is_furnished': None, 'wheelchair_acccess': None, 'has_image': True} at 2019-08-25 11:36
INFO:root:Ran with filters: {'private_room': True, 'private_bath': None, 'cats_ok': None, 'dogs_ok': None, 'min_price': None, 'max_price': None, 'min_ft2': None, 'max_ft2': None, 'min_bedrooms': None, 'max_bedrooms': None, 'min_bathrooms': None, 'max_bathrooms': None, 'no_smoking': None, 'is_furnished': None, 'wheelchair_acccess': None, 'has_image': True} at 2019-08-25 11:37
INFO:root:Ran with filters: {'private_room': True, 'private_bath': None, 'cats_ok': None, 'dogs_ok': None, 'min_price': None, 'max_price': None, 'min_ft2': None, 'max_ft2': None, 'min_bedrooms': None, 'max_bedrooms': None, 'min_bathrooms': None, 'max_bathrooms': None, 'no_smoking': None, 'is_furnished': None, 'wheelchair_acccess': None, 'has_image': True} at 2019-08-25 11:51
INFO:root:Ran with filters: {'private_room': True, 'private_bath': None, 'cats_ok': None, 'dogs_ok': None, 'min_price': None, 'max_price': None, 'min_ft2': None, 'max_ft2': None, 'min_bedrooms': None, 'max_bedrooms': None, 'min_bathrooms': None, 'max_bathrooms': None, 'no_smoking': None, 'is_furnished': None, 'wheelchair_acccess': None, 'has_image': True} at 2019-08-25 11:53
INFO:root:Ran with filters: {'private_room': True, 'private_bath': None, 'cats_ok': None, 'dogs_ok': None, 'min_price': 500, 'max_price': 1000, 'min_ft2': None, 'max_ft2': None, 'min_bedrooms': None, 'max_bedrooms': None, 'min_bathrooms': None, 'max_bathrooms': None, 'no_smoking': None, 'is_furnished': None, 'wheelchair_acccess': None, 'has_image': True} at 2019-08-25 11:58
INFO:root:Ran with filters: {'private_room': True, 'private_bath': None, 'cats_ok': None, 'dogs_ok': None, 'min_price': 500, 'max_price': 1000, 'min_ft2': None, 'max_ft2': None, 'min_bedrooms': None, 'max_bedrooms': None, 'min_bathrooms': None, 'max_bathrooms': None, 'no_smoking': None, 'is_furnished': None, 'wheelchair_acccess': None, 'has_image': True} at 2019-08-25 11:58
INFO:root:Ran with filters: {'private_room': True, 'private_bath': None, 'cats_ok': None, 'dogs_ok': None, 'min_price': 500, 'max_price': 1000, 'min_ft2': None, 'max_ft2': None, 'min_bedrooms': None, 'max_bedrooms': None, 'min_bathrooms': None, 'max_bathrooms': None, 'no_smoking': None, 'is_furnished': None, 'wheelchair_acccess': None, 'has_image': True} at 2019-08-25 12:00
INFO:root:Ran with filters: {'private_room': True, 'private_bath': None, 'cats_ok': None, 'dogs_ok': None, 'min_price': 500, 'max_price': 1000, 'min_ft2': None, 'max_ft2': None, 'min_bedrooms': None, 'max_bedrooms': None, 'min_bathrooms': None, 'max_bathrooms': None, 'no_smoking': None, 'is_furnished': None, 'wheelchair_acccess': None, 'has_image': True} at 2019-08-25 12:01
INFO:root:Ran with filters: {'private_room': True, 'private_bath': None, 'cats_ok': None, 'dogs_ok': None, 'min_price': 500, 'max_price': 1000, 'min_ft2': None, 'max_ft2': None, 'min_bedrooms': None, 'max_bedrooms': None, 'min_bathrooms': None, 'max_bathrooms': None, 'no_smoking': None, 'is_furnished': None, 'wheelchair_acccess': None, 'has_image': True} at 2019-08-25 12:03
INFO:root:Ran with filters: {'private_room': True, 'private_bath': None, 'cats_ok': None, 'dogs_ok': None, 'min_price': 500, 'max_price': 1000, 'min_ft2': None, 'max_ft2': None, 'min_bedrooms': None, 'max_bedrooms': None, 'min_bathrooms': None, 'max_bathrooms': None, 'no_smoking': None, 'is_furnished': None, 'wheelchair_acccess': None, 'has_image': True} at 2019-08-25 12:04
INFO:root:Ran with filters: {'private_room': True, 'private_bath': None, 'cats_ok': None, 'dogs_ok': None, 'min_price': 500, 'max_price': 1000, 'min_ft2': None, 'max_ft2': None, 'min_bedrooms': None, 'max_bedrooms': None, 'min_bathrooms': None, 'max_bathrooms': None, 'no_smoking': None, 'is_furnished': None, 'wheelchair_acccess': None, 'has_image': True} at 2019-08-25 12:04
INFO:root:Ran with filters: {'private_room': True, 'private_bath': None, 'cats_ok': None, 'dogs_ok': None, 'min_price': 500, 'max_price': 1000, 'min_ft2': None, 'max_ft2': None, 'min_bedrooms': None, 'max_bedrooms': None, 'min_bathrooms': None, 'max_bathrooms': None, 'no_smoking': None, 'is_furnished': None, 'wheelchair_acccess': None, 'has_image': True} at 2019-08-25 12:05
INFO:root:Ran with filters: {'private_room': True, 'private_bath': None, 'cats_ok': None, 'dogs_ok': None, 'min_price': 500, 'max_price': 1000, 'min_ft2': None, 'max_ft2': None, 'min_bedrooms': None, 'max_bedrooms': None, 'min_bathrooms': None, 'max_bathrooms': None, 'no_smoking': None, 'is_furnished': None, 'wheelchair_acccess': None, 'has_image': True} at 2019-08-25 12:05
WARNING:python-craiglist:Request failed (('Connection aborted.', OSError("(54, 'ECONNRESET')"))). Retrying ...
INFO:root:Ran with filters: {'private_room': True, 'private_bath': None, 'cats_ok': None, 'dogs_ok': None, 'min_price': 500, 'max_price': 1000, 'min_ft2': None, 'max_ft2': None, 'min_bedrooms': None, 'max_bedrooms': None, 'min_bathrooms': None, 'max_bathrooms': None, 'no_smoking': None, 'is_furnished': None, 'wheelchair_acccess': None, 'has_image': True} at 2019-08-25 12:06
INFO:root:Ran with filters: {'private_room': True, 'private_bath': None, 'cats_ok': None, 'dogs_ok': None, 'min_price': 500, 'max_price': 1000, 'min_ft2': None, 'max_ft2': None, 'min_bedrooms': None, 'max_bedrooms': None, 'min_bathrooms': None, 'max_bathrooms': None, 'no_smoking': None, 'is_furnished': None, 'wheelchair_acccess': None, 'has_image': True} at 2019-08-25 12:07
INFO:root:Ran with filters: {'private_room': True, 'private_bath': None, 'cats_ok': None, 'dogs_ok': None, 'min_price': 500, 'max_price': 1000, 'min_ft2': None, 'max_ft2': None, 'min_bedrooms': None, 'max_bedrooms': None, 'min_bathrooms': None, 'max_bathrooms': None, 'no_smoking': None, 'is_furnished': None, 'wheelchair_acccess': None, 'has_image': True} at 2019-08-25 12:08
INFO:root:Ran with filters: {'private_room': True, 'private_bath': None, 'cats_ok': None, 'dogs_ok': None, 'min_price': 500, 'max_price': 1000, 'min_ft2': None, 'max_ft2': None, 'min_bedrooms': None, 'max_bedrooms': None, 'min_bathrooms': None, 'max_bathrooms': None, 'no_smoking': None, 'is_furnished': None, 'wheelchair_acccess': None, 'has_image': True} at 2019-08-25 12:09
INFO:root:Ran with filters: {'private_room': True, 'private_bath': None, 'cats_ok': None, 'dogs_ok': None, 'min_price': 500, 'max_price': 1000, 'min_ft2': None, 'max_ft2': None, 'min_bedrooms': None, 'max_bedrooms': None, 'min_bathrooms': None, 'max_bathrooms': None, 'no_smoking': None, 'is_furnished': None, 'wheelchair_acccess': None, 'has_image': True} at 2019-08-25 12:10
INFO:root:Ran with filters: {'private_room': True, 'private_bath': None, 'cats_ok': None, 'dogs_ok': None, 'min_price': 500, 'max_price': 1000, 'min_ft2': None, 'max_ft2': None, 'min_bedrooms': None, 'max_bedrooms': None, 'min_bathrooms': None, 'max_bathrooms': None, 'no_smoking': None, 'is_furnished': None, 'wheelchair_acccess': None, 'has_image': True} at 2019-08-25 12:10
INFO:root:Ran with filters: {'private_room': True, 'private_bath': None, 'cats_ok': None, 'dogs_ok': None, 'min_price': 500, 'max_price': 1000, 'min_ft2': None, 'max_ft2': None, 'min_bedrooms': None, 'max_bedrooms': None, 'min_bathrooms': None, 'max_bathrooms': None, 'no_smoking': None, 'is_furnished': None, 'wheelchair_acccess': None, 'has_image': True} at 2019-08-25 12:10
INFO:root:Ran with filters: {'private_room': True, 'private_bath': None, 'cats_ok': None, 'dogs_ok': None, 'min_price': 500, 'max_price': 1000, 'min_ft2': None, 'max_ft2': None, 'min_bedrooms': None, 'max_bedrooms': None, 'min_bathrooms': None, 'max_bathrooms': None, 'no_smoking': None, 'is_furnished': None, 'wheelchair_acccess': None, 'has_image': True} at 2019-08-25 12:12
INFO:root:Ran with filters: {'private_room': True, 'private_bath': None, 'cats_ok': None, 'dogs_ok': None, 'min_price': 500, 'max_price': 1000, 'min_ft2': None, 'max_ft2': None, 'min_bedrooms': None, 'max_bedrooms': None, 'min_bathrooms': None, 'max_bathrooms': None, 'no_smoking': None, 'is_furnished': None, 'wheelchair_acccess': None, 'has_image': True} at 2019-08-25 12:13
INFO:root:Ran with filters: {'private_room': True, 'private_bath': None, 'cats_ok': None, 'dogs_ok': None, 'min_price': 500, 'max_price': 1000, 'min_ft2': None, 'max_ft2': None, 'min_bedrooms': None, 'max_bedrooms': None, 'min_bathrooms': None, 'max_bathrooms': None, 'no_smoking': None, 'is_furnished': None, 'wheelchair_acccess': None, 'has_image': True} at 2019-08-25 12:14
WARNING:python-craiglist:Request failed (('Connection aborted.', OSError("(54, 'ECONNRESET')"))). Retrying ...
INFO:root:Ran with filters: {'private_room': True, 'private_bath': None, 'cats_ok': None, 'dogs_ok': None, 'min_price': 500, 'max_price': 1000, 'min_ft2': None, 'max_ft2': None, 'min_bedrooms': None, 'max_bedrooms': None, 'min_bathrooms': None, 'max_bathrooms': None, 'no_smoking': None, 'is_furnished': None, 'wheelchair_acccess': None, 'has_image': True} at 2019-08-25 12:14
INFO:root:Ran with filters: {'private_room': True, 'private_bath': None, 'cats_ok': None, 'dogs_ok': None, 'min_price': 500, 'max_price': 1000, 'min_ft2': None, 'max_ft2': None, 'min_bedrooms': None, 'max_bedrooms': None, 'min_bathrooms': None, 'max_bathrooms': None, 'no_smoking': None, 'is_furnished': None, 'wheelchair_acccess': None, 'has_image': True} at 2019-08-25 12:15
INFO:root:Ran with filters: {'private_room': True, 'private_bath': None, 'cats_ok': None, 'dogs_ok': None, 'min_price': 500, 'max_price': 1000, 'min_ft2': None, 'max_ft2': None, 'min_bedrooms': None, 'max_bedrooms': None, 'min_bathrooms': None, 'max_bathrooms': None, 'no_smoking': None, 'is_furnished': None, 'wheelchair_acccess': None, 'has_image': True} at 2019-08-25 12:16
INFO:root:Ran with filters: {'private_room': True, 'private_bath': None, 'cats_ok': None, 'dogs_ok': None, 'min_price': 500, 'max_price': 1000, 'min_ft2': None, 'max_ft2': None, 'min_bedrooms': None, 'max_bedrooms': None, 'min_bathrooms': None, 'max_bathrooms': None, 'no_smoking': None, 'is_furnished': None, 'wheelchair_acccess': None, 'has_image': True} at 2019-08-25 12:16
WARNING:python-craiglist:Request failed (('Connection aborted.', OSError("(54, 'ECONNRESET')"))). Retrying ...
INFO:root:Ran with filters: {'private_room': True, 'private_bath': None, 'cats_ok': None, 'dogs_ok': None, 'min_price': 500, 'max_price': 1000, 'min_ft2': None, 'max_ft2': None, 'min_bedrooms': None, 'max_bedrooms': None, 'min_bathrooms': None, 'max_bathrooms': None, 'no_smoking': None, 'is_furnished': None, 'wheelchair_acccess': None, 'has_image': True} at 2019-08-25 12:17
INFO:root:Ran with filters: {'private_room': True, 'private_bath': None, 'cats_ok': None, 'dogs_ok': None, 'min_price': 500, 'max_price': 1000, 'min_ft2': None, 'max_ft2': None, 'min_bedrooms': None, 'max_bedrooms': None, 'min_bathrooms': None, 'max_bathrooms': None, 'no_smoking': None, 'is_furnished': None, 'wheelchair_acccess': None, 'has_image': True} at 2019-08-25 13:26
INFO:root:Ran with filters: {'private_room': True, 'private_bath': None, 'cats_ok': None, 'dogs_ok': None, 'min_price': 500, 'max_price': 1000, 'min_ft2': None, 'max_ft2': None, 'min_bedrooms': None, 'max_bedrooms': None, 'min_bathrooms': None, 'max_bathrooms': None, 'no_smoking': None, 'is_furnished': None, 'wheelchair_acccess': None, 'has_image': True} at 2019-08-25 13:27
INFO:root:Ran with filters: {'private_room': True, 'private_bath': None, 'cats_ok': None, 'dogs_ok': None, 'min_price': 500, 'max_price': 1000, 'min_ft2': None, 'max_ft2': None, 'min_bedrooms': None, 'max_bedrooms': None, 'min_bathrooms': None, 'max_bathrooms': None, 'no_smoking': None, 'is_furnished': None, 'wheelchair_acccess': None, 'has_image': True} at 2019-08-25 13:27
INFO:root:Ran with filters: {'private_room': True, 'private_bath': None, 'cats_ok': None, 'dogs_ok': None, 'min_price': 500, 'max_price': 1000, 'min_ft2': None, 'max_ft2': None, 'min_bedrooms': None, 'max_bedrooms': None, 'min_bathrooms': None, 'max_bathrooms': None, 'no_smoking': None, 'is_furnished': None, 'wheelchair_acccess': None, 'has_image': True} at 2019-08-25 13:28
INFO:root:Ran with filters: {'private_room': True, 'private_bath': None, 'cats_ok': None, 'dogs_ok': None, 'min_price': 500, 'max_price': 1000, 'min_ft2': None, 'max_ft2': None, 'min_bedrooms': None, 'max_bedrooms': None, 'min_bathrooms': None, 'max_bathrooms': None, 'no_smoking': None, 'is_furnished': None, 'wheelchair_acccess': None, 'has_image': True} at 2019-08-25 13:35
INFO:root:Ran with filters: {'private_room': True, 'private_bath': None, 'cats_ok': None, 'dogs_ok': None, 'min_price': 500, 'max_price': 1000, 'min_ft2': None, 'max_ft2': None, 'min_bedrooms': None, 'max_bedrooms': None, 'min_bathrooms': None, 'max_bathrooms': None, 'no_smoking': None, 'is_furnished': None, 'wheelchair_acccess': None, 'has_image': True} at 2019-08-25 13:39
INFO:root:Ran with filters: {'private_room': True, 'private_bath': None, 'cats_ok': None, 'dogs_ok': None, 'min_price': 500, 'max_price': 1000, 'min_ft2': None, 'max_ft2': None, 'min_bedrooms': None, 'max_bedrooms': None, 'min_bathrooms': None, 'max_bathrooms': None, 'no_smoking': None, 'is_furnished': None, 'wheelchair_acccess': None, 'has_image': True} at 2019-08-25 13:41
INFO:root:Ran with filters: {'private_room': True, 'private_bath': None, 'cats_ok': None, 'dogs_ok': None, 'min_price': 500, 'max_price': 1000, 'min_ft2': None, 'max_ft2': None, 'min_bedrooms': None, 'max_bedrooms': None, 'min_bathrooms': None, 'max_bathrooms': None, 'no_smoking': None, 'is_furnished': None, 'wheelchair_acccess': None, 'has_image': True} at 2019-08-25 13:42
INFO:root:Ran with filters: {'private_room': True, 'private_bath': None, 'cats_ok': None, 'dogs_ok': None, 'min_price': 500, 'max_price': 1000, 'min_ft2': None, 'max_ft2': None, 'min_bedrooms': None, 'max_bedrooms': None, 'min_bathrooms': None, 'max_bathrooms': None, 'no_smoking': None, 'is_furnished': None, 'wheelchair_acccess': None, 'has_image': True} at 2019-08-25 13:42
INFO:root:Ran with filters: {'private_room': True, 'private_bath': None, 'cats_ok': None, 'dogs_ok': None, 'min_price': 500, 'max_price': 1000, 'min_ft2': None, 'max_ft2': None, 'min_bedrooms': None, 'max_bedrooms': None, 'min_bathrooms': None, 'max_bathrooms': None, 'no_smoking': None, 'is_furnished': None, 'wheelchair_acccess': None, 'has_image': True} at 2019-08-25 13:43
INFO:root:Ran with filters: {'private_room': True, 'private_bath': None, 'cats_ok': None, 'dogs_ok': None, 'min_price': 500, 'max_price': 1000, 'min_ft2': None, 'max_ft2': None, 'min_bedrooms': None, 'max_bedrooms': None, 'min_bathrooms': None, 'max_bathrooms': None, 'no_smoking': None, 'is_furnished': None, 'wheelchair_acccess': None, 'has_image': True} at 2019-08-25 13:44
INFO:root:Ran with filters: {'private_room': True, 'private_bath': None, 'cats_ok': None, 'dogs_ok': None, 'min_price': 500, 'max_price': 1000, 'min_ft2': None, 'max_ft2': None, 'min_bedrooms': None, 'max_bedrooms': None, 'min_bathrooms': None, 'max_bathrooms': None, 'no_smoking': None, 'is_furnished': None, 'wheelchair_acccess': None, 'has_image': True} at 2019-08-25 13:44
INFO:root:Ran with filters: {'private_room': True, 'private_bath': None, 'cats_ok': None, 'dogs_ok': None, 'min_price': 500, 'max_price': 1000, 'min_ft2': None, 'max_ft2': None, 'min_bedrooms': None, 'max_bedrooms': None, 'min_bathrooms': None, 'max_bathrooms': None, 'no_smoking': None, 'is_furnished': None, 'wheelchair_acccess': None, 'has_image': True} at 2019-08-25 13:46
INFO:root:Ran with filters: {'private_room': True, 'private_bath': None, 'cats_ok': None, 'dogs_ok': None, 'min_price': 500, 'max_price': 1000, 'min_ft2': None, 'max_ft2': None, 'min_bedrooms': None, 'max_bedrooms': None, 'min_bathrooms': None, 'max_bathrooms': None, 'no_smoking': None, 'is_furnished': None, 'wheelchair_acccess': None, 'has_image': True} at 2019-08-25 13:55
INFO:root:Ran with filters: {'private_room': True, 'private_bath': None, 'cats_ok': None, 'dogs_ok': None, 'min_price': 500, 'max_price': 1000, 'min_ft2': None, 'max_ft2': None, 'min_bedrooms': None, 'max_bedrooms': None, 'min_bathrooms': None, 'max_bathrooms': None, 'no_smoking': None, 'is_furnished': None, 'wheelchair_acccess': None, 'has_image': True} at 2019-08-25 13:56
INFO:root:Ran with filters: {'private_room': True, 'private_bath': None, 'cats_ok': None, 'dogs_ok': None, 'min_price': 500, 'max_price': 1000, 'min_ft2': None, 'max_ft2': None, 'min_bedrooms': None, 'max_bedrooms': None, 'min_bathrooms': None, 'max_bathrooms': None, 'no_smoking': None, 'is_furnished': None, 'wheelchair_acccess': None, 'has_image': True} at 2019-08-25 13:57
INFO:root:Ran with filters: {'private_room': True, 'private_bath': None, 'cats_ok': None, 'dogs_ok': None, 'min_price': 500, 'max_price': 1000, 'min_ft2': None, 'max_ft2': None, 'min_bedrooms': None, 'max_bedrooms': None, 'min_bathrooms': None, 'max_bathrooms': None, 'no_smoking': None, 'is_furnished': None, 'wheelchair_acccess': None, 'has_image': True} at 2019-08-25 13:57
INFO:root:Ran with filters: {'private_room': True, 'private_bath': None, 'cats_ok': None, 'dogs_ok': None, 'min_price': 500, 'max_price': 1000, 'min_ft2': None, 'max_ft2': None, 'min_bedrooms': None, 'max_bedrooms': None, 'min_bathrooms': None, 'max_bathrooms': None, 'no_smoking': None, 'is_furnished': None, 'wheelchair_acccess': None, 'has_image': True} at 2019-08-25 13:58
INFO:root:Ran with filters: {'private_room': True, 'private_bath': None, 'cats_ok': None, 'dogs_ok': None, 'min_price': 500, 'max_price': 1000, 'min_ft2': None, 'max_ft2': None, 'min_bedrooms': None, 'max_bedrooms': None, 'min_bathrooms': None, 'max_bathrooms': None, 'no_smoking': None, 'is_furnished': None, 'wheelchair_acccess': None, 'has_image': True} at 2019-08-25 13:59
INFO:root:Ran with filters: {'private_room': True, 'private_bath': None, 'cats_ok': None, 'dogs_ok': None, 'min_price': 500, 'max_price': 1000, 'min_ft2': None, 'max_ft2': None, 'min_bedrooms': None, 'max_bedrooms': None, 'min_bathrooms': None, 'max_bathrooms': None, 'no_smoking': None, 'is_furnished': None, 'wheelchair_acccess': None, 'has_image': True} at 2019-08-25 14:00
INFO:root:Ran with filters: {'private_room': True, 'private_bath': None, 'cats_ok': None, 'dogs_ok': None, 'min_price': 500, 'max_price': 1000, 'min_ft2': None, 'max_ft2': None, 'min_bedrooms': None, 'max_bedrooms': None, 'min_bathrooms': None, 'max_bathrooms': None, 'no_smoking': None, 'is_furnished': None, 'wheelchair_acccess': None, 'has_image': True} at 2019-08-25 14:01
INFO:root:Ran with filters: {'private_room': True, 'private_bath': None, 'cats_ok': None, 'dogs_ok': None, 'min_price': 500, 'max_price': 1000, 'min_ft2': None, 'max_ft2': None, 'min_bedrooms': None, 'max_bedrooms': None, 'min_bathrooms': None, 'max_bathrooms': None, 'no_smoking': None, 'is_furnished': None, 'wheelchair_acccess': None, 'has_image': True} at 2019-08-25 14:02
INFO:root:Ran with filters: {'private_room': True, 'private_bath': None, 'cats_ok': None, 'dogs_ok': None, 'min_price': 500, 'max_price': 1000, 'min_ft2': None, 'max_ft2': None, 'min_bedrooms': None, 'max_bedrooms': None, 'min_bathrooms': None, 'max_bathrooms': None, 'no_smoking': None, 'is_furnished': None, 'wheelchair_acccess': None, 'has_image': True} at 2019-08-25 14:04
INFO:root:Ran with filters: {'private_room': True, 'private_bath': None, 'cats_ok': None, 'dogs_ok': None, 'min_price': 500, 'max_price': 1000, 'min_ft2': None, 'max_ft2': None, 'min_bedrooms': None, 'max_bedrooms': None, 'min_bathrooms': None, 'max_bathrooms': None, 'no_smoking': None, 'is_furnished': None, 'wheelchair_acccess': None, 'has_image': True} at 2019-08-25 14:06
INFO:root:Ran with filters: {'private_room': True, 'private_bath': None, 'cats_ok': None, 'dogs_ok': None, 'min_price': 500, 'max_price': 1000, 'min_ft2': None, 'max_ft2': None, 'min_bedrooms': None, 'max_bedrooms': None, 'min_bathrooms': None, 'max_bathrooms': None, 'no_smoking': None, 'is_furnished': None, 'wheelchair_acccess': None, 'has_image': True} at 2019-08-25 14:07
INFO:root:Ran with filters: {'private_room': True, 'private_bath': None, 'cats_ok': None, 'dogs_ok': None, 'min_price': 500, 'max_price': 1000, 'min_ft2': None, 'max_ft2': None, 'min_bedrooms': None, 'max_bedrooms': None, 'min_bathrooms': None, 'max_bathrooms': None, 'no_smoking': None, 'is_furnished': None, 'wheelchair_acccess': None, 'has_image': True} at 2019-08-25 14:07
INFO:root:Ran with filters: {'private_room': True, 'private_bath': None, 'cats_ok': None, 'dogs_ok': None, 'min_price': 500, 'max_price': 1000, 'min_ft2': None, 'max_ft2': None, 'min_bedrooms': None, 'max_bedrooms': None, 'min_bathrooms': None, 'max_bathrooms': None, 'no_smoking': None, 'is_furnished': None, 'wheelchair_acccess': None, 'has_image': True} at 2019-08-25 14:07
INFO:root:Ran with filters: {'private_room': True, 'private_bath': None, 'cats_ok': None, 'dogs_ok': None, 'min_price': 500, 'max_price': 1000, 'min_ft2': None, 'max_ft2': None, 'min_bedrooms': None, 'max_bedrooms': None, 'min_bathrooms': None, 'max_bathrooms': None, 'no_smoking': None, 'is_furnished': None, 'wheelchair_acccess': None, 'has_image': True} at 2019-08-25 14:08
INFO:root:Ran with filters: {'private_room': True, 'private_bath': None, 'cats_ok': None, 'dogs_ok': None, 'min_price': 500, 'max_price': 1000, 'min_ft2': None, 'max_ft2': None, 'min_bedrooms': None, 'max_bedrooms': None, 'min_bathrooms': None, 'max_bathrooms': None, 'no_smoking': None, 'is_furnished': None, 'wheelchair_acccess': None, 'has_image': True} at 2019-08-25 14:08
INFO:root:Ran with filters: {'private_room': True, 'private_bath': None, 'cats_ok': None, 'dogs_ok': None, 'min_price': 500, 'max_price': 1000, 'min_ft2': None, 'max_ft2': None, 'min_bedrooms': None, 'max_bedrooms': None, 'min_bathrooms': None, 'max_bathrooms': None, 'no_smoking': None, 'is_furnished': None, 'wheelchair_acccess': None, 'has_image': True} at 2019-08-25 14:09
INFO:root:Ran with filters: {'private_room': True, 'private_bath': None, 'cats_ok': None, 'dogs_ok': None, 'min_price': 500, 'max_price': 1000, 'min_ft2': None, 'max_ft2': None, 'min_bedrooms': None, 'max_bedrooms': None, 'min_bathrooms': None, 'max_bathrooms': None, 'no_smoking': None, 'is_furnished': None, 'wheelchair_acccess': None, 'has_image': True} at 2019-08-25 14:09
INFO:root:Ran with filters: {'private_room': True, 'private_bath': None, 'cats_ok': None, 'dogs_ok': None, 'min_price': 500, 'max_price': 1000, 'min_ft2': None, 'max_ft2': None, 'min_bedrooms': None, 'max_bedrooms': None, 'min_bathrooms': None, 'max_bathrooms': None, 'no_smoking': None, 'is_furnished': None, 'wheelchair_acccess': None, 'has_image': True} at 2019-08-25 14:18
INFO:root:Ran with filters: {'private_room': True, 'private_bath': None, 'cats_ok': None, 'dogs_ok': None, 'min_price': 500, 'max_price': 1000, 'min_ft2': None, 'max_ft2': None, 'min_bedrooms': None, 'max_bedrooms': None, 'min_bathrooms': None, 'max_bathrooms': None, 'no_smoking': None, 'is_furnished': None, 'wheelchair_acccess': None, 'has_image': True} at 2019-08-25 14:22
INFO:root:Ran with filters: {'private_room': True, 'private_bath': None, 'cats_ok': None, 'dogs_ok': None, 'min_price': 500, 'max_price': 1000, 'min_ft2': None, 'max_ft2': None, 'min_bedrooms': None, 'max_bedrooms': None, 'min_bathrooms': None, 'max_bathrooms': None, 'no_smoking': None, 'is_furnished': None, 'wheelchair_acccess': None, 'has_image': True} at 2019-08-25 14:25
INFO:root:Ran with filters: {'private_room': True, 'private_bath': None, 'cats_ok': None, 'dogs_ok': None, 'min_price': 500, 'max_price': 1000, 'min_ft2': None, 'max_ft2': None, 'min_bedrooms': None, 'max_bedrooms': None, 'min_bathrooms': None, 'max_bathrooms': None, 'no_smoking': None, 'is_furnished': None, 'wheelchair_acccess': None, 'has_image': True} at 2019-08-25 14:28
INFO:root:Ran with filters: {'private_room': True, 'private_bath': None, 'cats_ok': None, 'dogs_ok': None, 'min_price': 500, 'max_price': 1000, 'min_ft2': None, 'max_ft2': None, 'min_bedrooms': None, 'max_bedrooms': None, 'min_bathrooms': None, 'max_bathrooms': None, 'no_smoking': None, 'is_furnished': None, 'wheelchair_acccess': None, 'has_image': True} at 2019-08-25 14:29
INFO:root:Ran with filters: {'private_room': True, 'private_bath': None, 'cats_ok': None, 'dogs_ok': None, 'min_price': 500, 'max_price': 1000, 'min_ft2': None, 'max_ft2': None, 'min_bedrooms': None, 'max_bedrooms': None, 'min_bathrooms': None, 'max_bathrooms': None, 'no_smoking': None, 'is_furnished': None, 'wheelchair_acccess': None, 'has_image': True} at 2019-08-25 15:52
INFO:root:Ran with filters: {'private_room': True, 'private_bath': None, 'cats_ok': None, 'dogs_ok': None, 'min_price': 500, 'max_price': 1000, 'min_ft2': None, 'max_ft2': None, 'min_bedrooms': None, 'max_bedrooms': None, 'min_bathrooms': None, 'max_bathrooms': None, 'no_smoking': None, 'is_furnished': None, 'wheelchair_acccess': None, 'has_image': True} at 2019-08-25 16:09
INFO:root:Ran with filters: {'private_room': True, 'private_bath': None, 'cats_ok': None, 'dogs_ok': None, 'min_price': 500, 'max_price': 1000, 'min_ft2': None, 'max_ft2': None, 'min_bedrooms': None, 'max_bedrooms': None, 'min_bathrooms': None, 'max_bathrooms': None, 'no_smoking': None, 'is_furnished': None, 'wheelchair_acccess': None, 'has_image': True} at 2019-08-25 16:54
INFO:root:Ran with filters: {'private_room': True, 'private_bath': None, 'cats_ok': None, 'dogs_ok': None, 'min_price': 500, 'max_price': 1000, 'min_ft2': None, 'max_ft2': None, 'min_bedrooms': None, 'max_bedrooms': None, 'min_bathrooms': None, 'max_bathrooms': None, 'no_smoking': None, 'is_furnished': None, 'wheelchair_acccess': None, 'has_image': True} at 2019-08-25 17:34
INFO:root:Ran with filters: {'private_room': True, 'private_bath': None, 'cats_ok': None, 'dogs_ok': None, 'min_price': 500, 'max_price': 1000, 'min_ft2': None, 'max_ft2': None, 'min_bedrooms': None, 'max_bedrooms': None, 'min_bathrooms': None, 'max_bathrooms': None, 'no_smoking': None, 'is_furnished': None, 'wheelchair_acccess': None, 'has_image': True} at 2019-08-25 18:29
INFO:root:Ran with filters: {'private_room': True, 'private_bath': None, 'cats_ok': None, 'dogs_ok': None, 'min_price': 500, 'max_price': 1000, 'min_ft2': None, 'max_ft2': None, 'min_bedrooms': None, 'max_bedrooms': None, 'min_bathrooms': None, 'max_bathrooms': None, 'no_smoking': None, 'is_furnished': None, 'wheelchair_acccess': None, 'has_image': True} at 2019-08-25 19:23
INFO:root:Ran with filters: {'private_room': True, 'private_bath': None, 'cats_ok': None, 'dogs_ok': None, 'min_price': 500, 'max_price': 1000, 'min_ft2': None, 'max_ft2': None, 'min_bedrooms': None, 'max_bedrooms': None, 'min_bathrooms': None, 'max_bathrooms': None, 'no_smoking': None, 'is_furnished': None, 'wheelchair_acccess': None, 'has_image': True} at 2019-08-25 19:23
INFO:root:Ran with filters: {'private_room': True, 'private_bath': None, 'cats_ok': None, 'dogs_ok': None, 'min_price': 500, 'max_price': 1000, 'min_ft2': None, 'max_ft2': None, 'min_bedrooms': None, 'max_bedrooms': None, 'min_bathrooms': None, 'max_bathrooms': None, 'no_smoking': None, 'is_furnished': None, 'wheelchair_acccess': None, 'has_image': True} at 2019-08-25 20:49
INFO:root:Ran with filters: {'private_room': True, 'private_bath': None, 'cats_ok': None, 'dogs_ok': None, 'min_price': 500, 'max_price': 1000, 'min_ft2': None, 'max_ft2': None, 'min_bedrooms': None, 'max_bedrooms': None, 'min_bathrooms': None, 'max_bathrooms': None, 'no_smoking': None, 'is_furnished': None, 'wheelchair_acccess': None, 'has_image': True} at 2019-08-25 21:15
INFO:root:Ran with filters: {'private_room': True, 'private_bath': None, 'cats_ok': None, 'dogs_ok': None, 'min_price': 500, 'max_price': 1000, 'min_ft2': None, 'max_ft2': None, 'min_bedrooms': None, 'max_bedrooms': None, 'min_bathrooms': None, 'max_bathrooms': None, 'no_smoking': None, 'is_furnished': None, 'wheelchair_acccess': None, 'has_image': True} at 2019-08-25 21:18
INFO:root:Ran with filters: {'private_room': True, 'private_bath': None, 'cats_ok': None, 'dogs_ok': None, 'min_price': 500, 'max_price': 1000, 'min_ft2': None, 'max_ft2': None, 'min_bedrooms': None, 'max_bedrooms': None, 'min_bathrooms': None, 'max_bathrooms': None, 'no_smoking': None, 'is_furnished': None, 'wheelchair_acccess': None, 'has_image': True} at 2019-08-25 21:19
INFO:root:Ran with filters: {'private_room': True, 'private_bath': None, 'cats_ok': None, 'dogs_ok': None, 'min_price': 500, 'max_price': 1000, 'min_ft2': None, 'max_ft2': None, 'min_bedrooms': None, 'max_bedrooms': None, 'min_bathrooms': None, 'max_bathrooms': None, 'no_smoking': None, 'is_furnished': None, 'wheelchair_acccess': None, 'has_image': True} at 2019-08-25 21:20
INFO:root:Ran with filters: {'private_room': True, 'private_bath': None, 'cats_ok': None, 'dogs_ok': None, 'min_price': 500, 'max_price': 1000, 'min_ft2': None, 'max_ft2': None, 'min_bedrooms': None, 'max_bedrooms': None, 'min_bathrooms': None, 'max_bathrooms': None, 'no_smoking': None, 'is_furnished': None, 'wheelchair_acccess': None, 'has_image': True} at 2019-08-25 21:59
INFO:root:Ran with filters: {'private_room': True, 'private_bath': None, 'cats_ok': None, 'dogs_ok': None, 'min_price': 500, 'max_price': 1000, 'min_ft2': None, 'max_ft2': None, 'min_bedrooms': None, 'max_bedrooms': None, 'min_bathrooms': None, 'max_bathrooms': None, 'no_smoking': None, 'is_furnished': None, 'wheelchair_acccess': None, 'has_image': True} at 2019-08-25 22:01
INFO:root:Ran with filters: {'private_room': True, 'private_bath': None, 'cats_ok': None, 'dogs_ok': None, 'min_price': 500, 'max_price': 1000, 'min_ft2': None, 'max_ft2': None, 'min_bedrooms': None, 'max_bedrooms': None, 'min_bathrooms': None, 'max_bathrooms': None, 'no_smoking': None, 'is_furnished': None, 'wheelchair_acccess': None, 'has_image': True} at 2019-08-25 22:02
INFO:root:Ran with filters: {'private_room': True, 'private_bath': None, 'cats_ok': None, 'dogs_ok': None, 'min_price': 500, 'max_price': 1000, 'min_ft2': None, 'max_ft2': None, 'min_bedrooms': None, 'max_bedrooms': None, 'min_bathrooms': None, 'max_bathrooms': None, 'no_smoking': None, 'is_furnished': None, 'wheelchair_acccess': None, 'has_image': True} at 2019-08-25 22:03
INFO:root:Ran with filters: {'private_room': True, 'private_bath': None, 'cats_ok': None, 'dogs_ok': None, 'min_price': 500, 'max_price': 1000, 'min_ft2': None, 'max_ft2': None, 'min_bedrooms': None, 'max_bedrooms': None, 'min_bathrooms': None, 'max_bathrooms': None, 'no_smoking': None, 'is_furnished': None, 'wheelchair_acccess': None, 'has_image': True} at 2019-08-25 22:03
