INFO:root:Ran with filters: {'private_room': True, 'private_bath': None, 'cats_ok': None, 'dogs_ok': None, 'min_price': 500, 'max_price': 1200, 'min_ft2': None, 'max_ft2': None, 'min_bedrooms': None, 'max_bedrooms': None, 'min_bathrooms': None, 'max_bathrooms': None, 'no_smoking': None, 'is_furnished': None, 'wheelchair_acccess': None, 'has_image': True} at 2019-09-09 18:04
INFO:root:Ran with filters: {'private_room': True, 'private_bath': None, 'cats_ok': None, 'dogs_ok': None, 'min_price': 500, 'max_price': 1200, 'min_ft2': None, 'max_ft2': None, 'min_bedrooms': None, 'max_bedrooms': None, 'min_bathrooms': None, 'max_bathrooms': None, 'no_smoking': None, 'is_furnished': None, 'wheelchair_acccess': None, 'has_image': True} at 2019-09-09 18:07
INFO:root:Ran with filters: {'private_room': True, 'private_bath': None, 'cats_ok': None, 'dogs_ok': None, 'min_price': 500, 'max_price': 1200, 'min_ft2': None, 'max_ft2': None, 'min_bedrooms': None, 'max_bedrooms': None, 'min_bathrooms': None, 'max_bathrooms': None, 'no_smoking': None, 'is_furnished': None, 'wheelchair_acccess': None, 'has_image': True} at 2019-09-09 18:12
INFO:root:Ran with filters: {'private_room': True, 'private_bath': None, 'cats_ok': None, 'dogs_ok': None, 'min_price': 500, 'max_price': 1200, 'min_ft2': None, 'max_ft2': None, 'min_bedrooms': None, 'max_bedrooms': None, 'min_bathrooms': None, 'max_bathrooms': None, 'no_smoking': None, 'is_furnished': None, 'wheelchair_acccess': None, 'has_image': True} at 2019-09-09 18:16
INFO:root:Ran with filters: {'private_room': True, 'private_bath': None, 'cats_ok': None, 'dogs_ok': None, 'min_price': 500, 'max_price': 1200, 'min_ft2': None, 'max_ft2': None, 'min_bedrooms': None, 'max_bedrooms': None, 'min_bathrooms': None, 'max_bathrooms': None, 'no_smoking': None, 'is_furnished': None, 'wheelchair_acccess': None, 'has_image': True} at 2019-09-09 18:17
INFO:root:Ran with filters: {'private_room': True, 'min_ft2': None, 'cats_ok': None, 'no_smoking': None, 'max_price': 1200, 'has_image': True, 'max_bathrooms': None, 'wheelchair_acccess': None, 'private_bath': None, 'dogs_ok': None, 'max_ft2': None, 'is_furnished': None, 'min_price': 500, 'max_bedrooms': None, 'min_bathrooms': None, 'min_bedrooms': None} at 2019-09-09 19:56
INFO:root:Ran with filters: {'max_ft2': None, 'dogs_ok': None, 'min_bathrooms': None, 'max_bathrooms': None, 'has_image': True, 'private_room': True, 'cats_ok': None, 'private_bath': None, 'max_bedrooms': None, 'max_price': 1200, 'is_furnished': None, 'min_price': 500, 'wheelchair_acccess': None, 'min_ft2': None, 'no_smoking': None, 'min_bedrooms': None} at 2019-09-09 19:57
INFO:root:Ran with filters: {'has_image': True, 'no_smoking': None, 'max_ft2': None, 'max_bathrooms': None, 'is_furnished': None, 'private_bath': None, 'max_price': 1200, 'min_price': 500, 'max_bedrooms': None, 'cats_ok': None, 'min_ft2': None, 'wheelchair_acccess': None, 'private_room': True, 'dogs_ok': None, 'min_bathrooms': None, 'min_bedrooms': None} at 2019-09-10 11:35
WARNING:python-craiglist:Request failed (('Connection aborted.', ConnectionResetError(54, 'Connection reset by peer'))). Retrying ...
WARNING:python-craiglist:Request failed (('Connection aborted.', ConnectionResetError(54, 'Connection reset by peer'))). Retrying ...
WARNING:python-craiglist:Request failed (('Connection aborted.', ConnectionResetError(54, 'Connection reset by peer'))). Retrying ...
WARNING:python-craiglist:Request failed (('Connection aborted.', ConnectionResetError(54, 'Connection reset by peer'))). Retrying ...
WARNING:python-craiglist:Request failed (('Connection aborted.', ConnectionResetError(54, 'Connection reset by peer'))). Retrying ...
WARNING:python-craiglist:Request failed (('Connection aborted.', ConnectionResetError(54, 'Connection reset by peer'))). Retrying ...
INFO:root:Ran with filters: {'max_bedrooms': None, 'dogs_ok': None, 'is_furnished': None, 'max_price': 1200, 'no_smoking': None, 'max_bathrooms': None, 'private_room': True, 'wheelchair_acccess': None, 'min_ft2': None, 'cats_ok': None, 'max_ft2': None, 'min_bedrooms': None, 'has_image': True, 'private_bath': None, 'min_bathrooms': None, 'min_price': 500} at 2019-09-10 11:36
WARNING:python-craiglist:Request failed (('Connection aborted.', ConnectionResetError(54, 'Connection reset by peer'))). Retrying ...
INFO:root:Ran with filters: {'has_image': True, 'min_price': 500, 'private_bath': None, 'private_room': True, 'max_bedrooms': None, 'min_ft2': None, 'no_smoking': None, 'max_bathrooms': None, 'min_bedrooms': None, 'wheelchair_acccess': None, 'max_price': 1200, 'cats_ok': None, 'min_bathrooms': None, 'dogs_ok': None, 'max_ft2': None, 'is_furnished': None} at 2019-09-10 11:36
WARNING:python-craiglist:Request failed (('Connection aborted.', ConnectionResetError(54, 'Connection reset by peer'))). Retrying ...
WARNING:python-craiglist:Request failed (('Connection aborted.', ConnectionResetError(54, 'Connection reset by peer'))). Retrying ...
WARNING:python-craiglist:Request failed (('Connection aborted.', ConnectionResetError(54, 'Connection reset by peer'))). Retrying ...
WARNING:python-craiglist:Request failed (('Connection aborted.', ConnectionResetError(54, 'Connection reset by peer'))). Retrying ...
INFO:root:Ran with filters: {'private_room': True, 'min_bedrooms': None, 'has_image': True, 'max_bathrooms': None, 'min_bathrooms': None, 'min_ft2': None, 'cats_ok': None, 'dogs_ok': None, 'wheelchair_acccess': None, 'is_furnished': None, 'max_bedrooms': None, 'max_price': 1200, 'max_ft2': None, 'min_price': 500, 'private_bath': None, 'no_smoking': None} at 2019-09-10 11:38
WARNING:python-craiglist:Request failed (('Connection aborted.', ConnectionResetError(54, 'Connection reset by peer'))). Retrying ...
WARNING:python-craiglist:Request failed (('Connection aborted.', ConnectionResetError(54, 'Connection reset by peer'))). Retrying ...
WARNING:python-craiglist:Request failed (('Connection aborted.', ConnectionResetError(54, 'Connection reset by peer'))). Retrying ...
WARNING:python-craiglist:Request failed (('Connection aborted.', ConnectionResetError(54, 'Connection reset by peer'))). Retrying ...
WARNING:python-craiglist:Request failed (('Connection aborted.', ConnectionResetError(54, 'Connection reset by peer'))). Retrying ...
WARNING:python-craiglist:Request failed (('Connection aborted.', ConnectionResetError(54, 'Connection reset by peer'))). Retrying ...
WARNING:python-craiglist:Request failed (('Connection aborted.', ConnectionResetError(54, 'Connection reset by peer'))). Retrying ...
WARNING:python-craiglist:Request failed (('Connection aborted.', ConnectionResetError(54, 'Connection reset by peer'))). Retrying ...
INFO:root:Ran with filters: {'no_smoking': None, 'max_ft2': None, 'min_bathrooms': None, 'min_bedrooms': None, 'max_bedrooms': None, 'wheelchair_acccess': None, 'min_price': 500, 'has_image': True, 'cats_ok': None, 'min_ft2': None, 'private_room': True, 'dogs_ok': None, 'max_price': 1200, 'max_bathrooms': None, 'private_bath': None, 'is_furnished': None} at 2019-09-10 11:43
INFO:root:Ran with filters: {'private_room': True, 'min_bathrooms': None, 'no_smoking': None, 'dogs_ok': None, 'private_bath': None, 'min_bedrooms': None, 'is_furnished': None, 'wheelchair_acccess': None, 'min_ft2': None, 'max_price': 1200, 'max_bathrooms': None, 'min_price': 500, 'cats_ok': None, 'max_bedrooms': None, 'max_ft2': None, 'has_image': True} at 2019-09-10 11:47
INFO:root:Ran with filters: {'max_ft2': None, 'min_ft2': None, 'min_bathrooms': None, 'max_bathrooms': None, 'private_bath': None, 'has_image': True, 'no_smoking': None, 'min_bedrooms': None, 'max_price': 1200, 'cats_ok': None, 'private_room': True, 'is_furnished': None, 'wheelchair_acccess': None, 'min_price': 500, 'dogs_ok': None, 'max_bedrooms': None} at 2019-09-10 11:48
INFO:root:Ran with filters: {'min_price': 500, 'min_bathrooms': None, 'has_image': True, 'min_bedrooms': None, 'no_smoking': None, 'max_price': 1200, 'cats_ok': None, 'wheelchair_acccess': None, 'private_bath': None, 'min_ft2': None, 'is_furnished': None, 'dogs_ok': None, 'max_bedrooms': None, 'private_room': True, 'max_bathrooms': None, 'max_ft2': None} at 2019-09-10 13:42
